c:\users\josh\documents\github\game-engine\game\middleware\graphics\nclgl\x64\debug\nclgl.pdb
c:\users\josh\documents\github\game-engine\game\middleware\graphics\nclgl\x64\debug\nclgl.idb
c:\users\josh\documents\github\game-engine\game\middleware\graphics\nclgl\x64\debug\gametimer.obj
c:\users\josh\documents\github\game-engine\game\middleware\graphics\nclgl\x64\debug\keyboard.obj
c:\users\josh\documents\github\game-engine\game\middleware\graphics\nclgl\x64\debug\matrix3.obj
c:\users\josh\documents\github\game-engine\game\middleware\graphics\nclgl\x64\debug\matrix4.obj
c:\users\josh\documents\github\game-engine\game\middleware\graphics\nclgl\x64\debug\mouse.obj
c:\users\josh\documents\github\game-engine\game\middleware\graphics\nclgl\x64\debug\oglrenderer.obj
c:\users\josh\documents\github\game-engine\game\middleware\graphics\nclgl\x64\debug\quaternion.obj
c:\users\josh\documents\github\game-engine\game\middleware\graphics\nclgl\x64\debug\window.obj
c:\users\josh\documents\github\game-engine\game\x64\debug\nclgl.lib
h:\computer games development\game-engine\game\middleware\graphics\nclgl\x64\debug\gametimer.obj
h:\computer games development\game-engine\game\middleware\graphics\nclgl\x64\debug\keyboard.obj
h:\computer games development\game-engine\game\middleware\graphics\nclgl\x64\debug\matrix3.obj
h:\computer games development\game-engine\game\middleware\graphics\nclgl\x64\debug\matrix4.obj
h:\computer games development\game-engine\game\middleware\graphics\nclgl\x64\debug\mouse.obj
h:\computer games development\game-engine\game\middleware\graphics\nclgl\x64\debug\oglrenderer.obj
h:\computer games development\game-engine\game\middleware\graphics\nclgl\x64\debug\quaternion.obj
h:\computer games development\game-engine\game\middleware\graphics\nclgl\x64\debug\window.obj
h:\computer games development\game-engine\game\middleware\graphics\nclgl\x64\debug\nclgl.idb
h:\computer games development\game-engine\game\middleware\graphics\nclgl\x64\debug\nclgl.pdb
h:\computer games development\game-engine\game\x64\debug\nclgl.pdb
h:\computer games development\game-engine\game\x64\debug\nclgl.lib
h:\computer games development\game-engine\game\middleware\graphics\nclgl\x64\debug\nclgl.tlog\cl.command.1.tlog
h:\computer games development\game-engine\game\middleware\graphics\nclgl\x64\debug\nclgl.tlog\cl.read.1.tlog
h:\computer games development\game-engine\game\middleware\graphics\nclgl\x64\debug\nclgl.tlog\cl.write.1.tlog
h:\computer games development\game-engine\game\middleware\graphics\nclgl\x64\debug\nclgl.tlog\lib-link.read.1.tlog
h:\computer games development\game-engine\game\middleware\graphics\nclgl\x64\debug\nclgl.tlog\lib-link.write.1.tlog
h:\computer games development\game-engine\game\middleware\graphics\nclgl\x64\debug\nclgl.tlog\lib.command.1.tlog
