c:\users\josh\documents\github\game-engine\game\game\x64\debug\vc141.pdb
c:\users\josh\documents\github\game-engine\game\game\x64\debug\vc141.idb
c:\users\josh\documents\github\game-engine\game\game\x64\debug\cubeentity.obj
c:\users\josh\documents\github\game-engine\game\game\x64\debug\floorentity.obj
c:\users\josh\documents\github\game-engine\game\game\x64\debug\main.obj
h:\computer games development\game-engine\game\game\x64\debug\vc141.pdb
h:\computer games development\game-engine\game\game\x64\debug\cubeentity.obj
h:\computer games development\game-engine\game\game\x64\debug\floorentity.obj
h:\computer games development\game-engine\game\game\x64\debug\main.obj
c:\users\josh\documents\github\game-engine\game\x64\debug\game.exe
c:\users\josh\documents\github\game-engine\game\x64\debug\game.ilk
c:\users\josh\documents\github\game-engine\game\x64\debug\game.pdb
h:\computer games development\game-engine\game\x64\debug\game.ilk
h:\computer games development\game-engine\game\x64\debug\game.exe
h:\computer games development\game-engine\game\x64\debug\game.pdb
h:\computer games development\game-engine\game\game\x64\debug\vc141.idb
h:\computer games development\game-engine\game\game\x64\debug\game.tlog\cl.command.1.tlog
h:\computer games development\game-engine\game\game\x64\debug\game.tlog\cl.read.1.tlog
h:\computer games development\game-engine\game\game\x64\debug\game.tlog\cl.write.1.tlog
h:\computer games development\game-engine\game\game\x64\debug\game.tlog\link.command.1.tlog
h:\computer games development\game-engine\game\game\x64\debug\game.tlog\link.read.1.tlog
h:\computer games development\game-engine\game\game\x64\debug\game.tlog\link.write.1.tlog
