h:\computer games development\game-engine\game\middleware\physics\box2d\build\vs2017\obj\debug\box2d\box2d.pdb
h:\computer games development\game-engine\game\middleware\physics\box2d\build\vs2017\obj\debug\box2d\box2d.idb
h:\computer games development\game-engine\game\middleware\physics\box2d\build\vs2017\obj\debug\box2d\b2polygoncontact.obj
h:\computer games development\game-engine\game\middleware\physics\box2d\build\vs2017\obj\debug\box2d\b2distancejoint.obj
h:\computer games development\game-engine\game\middleware\physics\box2d\build\vs2017\obj\debug\box2d\b2frictionjoint.obj
h:\computer games development\game-engine\game\middleware\physics\box2d\build\vs2017\obj\debug\box2d\b2gearjoint.obj
h:\computer games development\game-engine\game\middleware\physics\box2d\build\vs2017\obj\debug\box2d\b2joint.obj
h:\computer games development\game-engine\game\middleware\physics\box2d\build\vs2017\obj\debug\box2d\b2motorjoint.obj
h:\computer games development\game-engine\game\middleware\physics\box2d\build\vs2017\obj\debug\box2d\b2mousejoint.obj
h:\computer games development\game-engine\game\middleware\physics\box2d\build\vs2017\obj\debug\box2d\b2prismaticjoint.obj
h:\computer games development\game-engine\game\middleware\physics\box2d\build\vs2017\obj\debug\box2d\b2pulleyjoint.obj
h:\computer games development\game-engine\game\middleware\physics\box2d\build\vs2017\obj\debug\box2d\b2revolutejoint.obj
h:\computer games development\game-engine\game\middleware\physics\box2d\build\vs2017\obj\debug\box2d\b2ropejoint.obj
h:\computer games development\game-engine\game\middleware\physics\box2d\build\vs2017\obj\debug\box2d\b2weldjoint.obj
h:\computer games development\game-engine\game\middleware\physics\box2d\build\vs2017\obj\debug\box2d\b2wheeljoint.obj
h:\computer games development\game-engine\game\middleware\physics\box2d\build\vs2017\obj\debug\box2d\b2body.obj
h:\computer games development\game-engine\game\middleware\physics\box2d\build\vs2017\obj\debug\box2d\b2contactmanager.obj
h:\computer games development\game-engine\game\middleware\physics\box2d\build\vs2017\obj\debug\box2d\b2fixture.obj
h:\computer games development\game-engine\game\middleware\physics\box2d\build\vs2017\obj\debug\box2d\b2island.obj
h:\computer games development\game-engine\game\middleware\physics\box2d\build\vs2017\obj\debug\box2d\b2world.obj
h:\computer games development\game-engine\game\middleware\physics\box2d\build\vs2017\obj\debug\box2d\b2worldcallbacks.obj
h:\computer games development\game-engine\game\middleware\physics\box2d\build\vs2017\obj\debug\box2d\b2rope.obj
h:\computer games development\game-engine\game\middleware\physics\box2d\build\vs2017\obj\debug\box2d\b2collideedge.obj
h:\computer games development\game-engine\game\middleware\physics\box2d\build\vs2017\obj\debug\box2d\b2collidepolygon.obj
h:\computer games development\game-engine\game\middleware\physics\box2d\build\vs2017\obj\debug\box2d\b2collision.obj
h:\computer games development\game-engine\game\middleware\physics\box2d\build\vs2017\obj\debug\box2d\b2distance.obj
h:\computer games development\game-engine\game\middleware\physics\box2d\build\vs2017\obj\debug\box2d\b2dynamictree.obj
h:\computer games development\game-engine\game\middleware\physics\box2d\build\vs2017\obj\debug\box2d\b2timeofimpact.obj
h:\computer games development\game-engine\game\middleware\physics\box2d\build\vs2017\obj\debug\box2d\b2blockallocator.obj
h:\computer games development\game-engine\game\middleware\physics\box2d\build\vs2017\obj\debug\box2d\b2draw.obj
h:\computer games development\game-engine\game\middleware\physics\box2d\build\vs2017\obj\debug\box2d\b2math.obj
h:\computer games development\game-engine\game\middleware\physics\box2d\build\vs2017\obj\debug\box2d\b2settings.obj
h:\computer games development\game-engine\game\middleware\physics\box2d\build\vs2017\obj\debug\box2d\b2stackallocator.obj
h:\computer games development\game-engine\game\middleware\physics\box2d\build\vs2017\obj\debug\box2d\b2timer.obj
h:\computer games development\game-engine\game\middleware\physics\box2d\build\vs2017\obj\debug\box2d\b2chainandcirclecontact.obj
h:\computer games development\game-engine\game\middleware\physics\box2d\build\vs2017\obj\debug\box2d\b2chainandpolygoncontact.obj
h:\computer games development\game-engine\game\middleware\physics\box2d\build\vs2017\obj\debug\box2d\b2circlecontact.obj
h:\computer games development\game-engine\game\middleware\physics\box2d\build\vs2017\obj\debug\box2d\b2contact.obj
h:\computer games development\game-engine\game\middleware\physics\box2d\build\vs2017\obj\debug\box2d\b2contactsolver.obj
h:\computer games development\game-engine\game\middleware\physics\box2d\build\vs2017\obj\debug\box2d\b2edgeandcirclecontact.obj
h:\computer games development\game-engine\game\middleware\physics\box2d\build\vs2017\obj\debug\box2d\b2edgeandpolygoncontact.obj
h:\computer games development\game-engine\game\middleware\physics\box2d\build\vs2017\obj\debug\box2d\b2polygonandcirclecontact.obj
h:\computer games development\game-engine\game\middleware\physics\box2d\build\vs2017\obj\debug\box2d\b2chainshape.obj
h:\computer games development\game-engine\game\middleware\physics\box2d\build\vs2017\obj\debug\box2d\b2circleshape.obj
h:\computer games development\game-engine\game\middleware\physics\box2d\build\vs2017\obj\debug\box2d\b2edgeshape.obj
h:\computer games development\game-engine\game\middleware\physics\box2d\build\vs2017\obj\debug\box2d\b2polygonshape.obj
h:\computer games development\game-engine\game\middleware\physics\box2d\build\vs2017\obj\debug\box2d\b2broadphase.obj
h:\computer games development\game-engine\game\middleware\physics\box2d\build\vs2017\obj\debug\box2d\b2collidecircle.obj
h:\computer games development\game-engine\game\middleware\physics\box2d\build\vs2017\bin\debug\box2d.lib
h:\computer games development\game-engine\game\middleware\physics\box2d\build\vs2017\obj\debug\box2d\box2d.tlog\cl.command.1.tlog
h:\computer games development\game-engine\game\middleware\physics\box2d\build\vs2017\obj\debug\box2d\box2d.tlog\cl.read.1.tlog
h:\computer games development\game-engine\game\middleware\physics\box2d\build\vs2017\obj\debug\box2d\box2d.tlog\cl.write.1.tlog
h:\computer games development\game-engine\game\middleware\physics\box2d\build\vs2017\obj\debug\box2d\box2d.tlog\lib-link.read.1.tlog
h:\computer games development\game-engine\game\middleware\physics\box2d\build\vs2017\obj\debug\box2d\box2d.tlog\lib-link.write.1.tlog
h:\computer games development\game-engine\game\middleware\physics\box2d\build\vs2017\obj\debug\box2d\box2d.tlog\lib.command.1.tlog
