c:\users\josh\documents\github\game-engine\game\graphics\x64\debug\graphics.pdb
c:\users\josh\documents\github\game-engine\game\graphics\x64\debug\graphics.idb
c:\users\josh\documents\github\game-engine\game\graphics\x64\debug\graphics.obj
c:\users\josh\documents\github\game-engine\game\graphics\x64\debug\graphicsdata.obj
c:\users\josh\documents\github\game-engine\game\graphics\x64\debug\mesh.obj
c:\users\josh\documents\github\game-engine\game\graphics\x64\debug\renderer.obj
c:\users\josh\documents\github\game-engine\game\graphics\x64\debug\renderobject.obj
c:\users\josh\documents\github\game-engine\game\graphics\x64\debug\shader.obj
c:\users\josh\documents\github\game-engine\game\x64\debug\graphics.lib
h:\computer games development\game-engine\game\graphics\x64\debug\graphics.obj
h:\computer games development\game-engine\game\graphics\x64\debug\graphicsdata.obj
h:\computer games development\game-engine\game\graphics\x64\debug\mesh.obj
h:\computer games development\game-engine\game\graphics\x64\debug\renderer.obj
h:\computer games development\game-engine\game\graphics\x64\debug\renderobject.obj
h:\computer games development\game-engine\game\graphics\x64\debug\shader.obj
h:\computer games development\game-engine\game\graphics\x64\debug\graphics.idb
h:\computer games development\game-engine\game\graphics\x64\debug\graphics.pdb
h:\computer games development\game-engine\game\x64\debug\graphics.pdb
h:\computer games development\game-engine\game\x64\debug\graphics.lib
h:\computer games development\game-engine\game\graphics\x64\debug\graphics.tlog\cl.command.1.tlog
h:\computer games development\game-engine\game\graphics\x64\debug\graphics.tlog\cl.read.1.tlog
h:\computer games development\game-engine\game\graphics\x64\debug\graphics.tlog\cl.write.1.tlog
h:\computer games development\game-engine\game\graphics\x64\debug\graphics.tlog\lib-link.read.1.tlog
h:\computer games development\game-engine\game\graphics\x64\debug\graphics.tlog\lib-link.write.1.tlog
h:\computer games development\game-engine\game\graphics\x64\debug\graphics.tlog\lib.command.1.tlog
