c:\users\josh\documents\github\game-engine\game\common\x64\debug\common.pdb
c:\users\josh\documents\github\game-engine\game\common\x64\debug\common.idb
c:\users\josh\documents\github\game-engine\game\common\x64\debug\entity.obj
c:\users\josh\documents\github\game-engine\game\common\x64\debug\event.obj
c:\users\josh\documents\github\game-engine\game\common\x64\debug\eventmanager.obj
c:\users\josh\documents\github\game-engine\game\common\x64\debug\logger.obj
c:\users\josh\documents\github\game-engine\game\common\x64\debug\loggerinstance.obj
c:\users\josh\documents\github\game-engine\game\common\x64\debug\subsystem.obj
c:\users\josh\documents\github\game-engine\game\x64\debug\common.lib
h:\computer games development\game-engine\game\common\x64\debug\entity.obj
h:\computer games development\game-engine\game\common\x64\debug\event.obj
h:\computer games development\game-engine\game\common\x64\debug\eventmanager.obj
h:\computer games development\game-engine\game\common\x64\debug\logger.obj
h:\computer games development\game-engine\game\common\x64\debug\loggerinstance.obj
h:\computer games development\game-engine\game\common\x64\debug\subsystem.obj
h:\computer games development\game-engine\game\common\x64\debug\common.idb
h:\computer games development\game-engine\game\common\x64\debug\common.pdb
h:\computer games development\game-engine\game\x64\debug\common.pdb
h:\computer games development\game-engine\game\x64\debug\common.lib
h:\computer games development\game-engine\game\common\x64\debug\common.tlog\cl.command.1.tlog
h:\computer games development\game-engine\game\common\x64\debug\common.tlog\cl.read.1.tlog
h:\computer games development\game-engine\game\common\x64\debug\common.tlog\cl.write.1.tlog
h:\computer games development\game-engine\game\common\x64\debug\common.tlog\lib-link.read.1.tlog
h:\computer games development\game-engine\game\common\x64\debug\common.tlog\lib-link.write.1.tlog
h:\computer games development\game-engine\game\common\x64\debug\common.tlog\lib.command.1.tlog
